<?xml version="1.0" encoding="UTF-8"?>
<testng-results skipped="0" failed="0" total="1" passed="1">
  <reporter-output>
  </reporter-output>
  <suite name="Default suite" duration-ms="53" started-at="2019-08-06T18:08:22Z" finished-at="2019-08-06T18:08:22Z">
    <groups>
    </groups>
    <test name="Default test" duration-ms="53" started-at="2019-08-06T18:08:22Z" finished-at="2019-08-06T18:08:22Z">
      <class name="Logging.LoggerTest">
        <test-method status="PASS" signature="getlogger()[pri:0, instance:Logging.LoggerTest@3a82f6ef]" name="getlogger" is-config="true" duration-ms="38" started-at="2019-08-06T11:08:22Z" finished-at="2019-08-06T11:08:22Z">
          <reporter-output>
          </reporter-output>
        </test-method> <!-- getlogger -->
        <test-method status="PASS" signature="testLogger()[pri:0, instance:Logging.LoggerTest@3a82f6ef]" name="testLogger" duration-ms="7" started-at="2019-08-06T11:08:22Z" finished-at="2019-08-06T11:08:22Z">
          <reporter-output>
          </reporter-output>
        </test-method> <!-- testLogger -->
      </class> <!-- Logging.LoggerTest -->
    </test> <!-- Default test -->
  </suite> <!-- Default suite -->
</testng-results>
